<?xml version="1.0" encoding="UTF-8"?>
<testsuite xmlns:xsi="http://www.w3.org/2001/XMLSchema-instance" xsi:noNamespaceSchemaLocation="https://maven.apache.org/surefire/maven-surefire-plugin/xsd/surefire-test-report.xsd" name="com.block.AgriculturalProductsBlockchainApplicationTests" time="17.391" tests="1" errors="0" skipped="0" failures="0">
  <properties>
    <property name="sun.desktop" value="windows"/>
    <property name="awt.toolkit" value="sun.awt.windows.WToolkit"/>
    <property name="file.encoding.pkg" value="sun.io"/>
    <property name="java.specification.version" value="1.8"/>
    <property name="sun.cpu.isalist" value="amd64"/>
    <property name="sun.jnu.encoding" value="GBK"/>
    <property name="java.class.path" value="F:\others_项目\personal_info_manger_blockchain\server\target\test-classes;F:\others_项目\personal_info_manger_blockchain\server\target\classes;E:\Java\maven\repository\org\springframework\boot\spring-boot-starter-web\2.3.3.RELEASE\spring-boot-starter-web-2.3.3.RELEASE.jar;E:\Java\maven\repository\org\springframework\boot\spring-boot-starter\2.3.3.RELEASE\spring-boot-starter-2.3.3.RELEASE.jar;E:\Java\maven\repository\org\springframework\boot\spring-boot-starter-logging\2.3.3.RELEASE\spring-boot-starter-logging-2.3.3.RELEASE.jar;E:\Java\maven\repository\ch\qos\logback\logback-classic\1.2.3\logback-classic-1.2.3.jar;E:\Java\maven\repository\ch\qos\logback\logback-core\1.2.3\logback-core-1.2.3.jar;E:\Java\maven\repository\org\apache\logging\log4j\log4j-to-slf4j\2.13.3\log4j-to-slf4j-2.13.3.jar;E:\Java\maven\repository\org\apache\logging\log4j\log4j-api\2.13.3\log4j-api-2.13.3.jar;E:\Java\maven\repository\org\slf4j\jul-to-slf4j\1.7.30\jul-to-slf4j-1.7.30.jar;E:\Java\maven\repository\jakarta\annotation\jakarta.annotation-api\1.3.5\jakarta.annotation-api-1.3.5.jar;E:\Java\maven\repository\org\yaml\snakeyaml\1.26\snakeyaml-1.26.jar;E:\Java\maven\repository\org\springframework\boot\spring-boot-starter-json\2.3.3.RELEASE\spring-boot-starter-json-2.3.3.RELEASE.jar;E:\Java\maven\repository\com\fasterxml\jackson\core\jackson-databind\2.11.2\jackson-databind-2.11.2.jar;E:\Java\maven\repository\com\fasterxml\jackson\core\jackson-annotations\2.11.2\jackson-annotations-2.11.2.jar;E:\Java\maven\repository\com\fasterxml\jackson\core\jackson-core\2.11.2\jackson-core-2.11.2.jar;E:\Java\maven\repository\com\fasterxml\jackson\datatype\jackson-datatype-jdk8\2.11.2\jackson-datatype-jdk8-2.11.2.jar;E:\Java\maven\repository\com\fasterxml\jackson\datatype\jackson-datatype-jsr310\2.11.2\jackson-datatype-jsr310-2.11.2.jar;E:\Java\maven\repository\com\fasterxml\jackson\module\jackson-module-parameter-names\2.11.2\jackson-module-parameter-names-2.11.2.jar;E:\Java\maven\repository\org\springframework\boot\spring-boot-starter-tomcat\2.3.3.RELEASE\spring-boot-starter-tomcat-2.3.3.RELEASE.jar;E:\Java\maven\repository\org\apache\tomcat\embed\tomcat-embed-core\9.0.37\tomcat-embed-core-9.0.37.jar;E:\Java\maven\repository\org\glassfish\jakarta.el\3.0.3\jakarta.el-3.0.3.jar;E:\Java\maven\repository\org\apache\tomcat\embed\tomcat-embed-websocket\9.0.37\tomcat-embed-websocket-9.0.37.jar;E:\Java\maven\repository\org\springframework\spring-web\5.2.8.RELEASE\spring-web-5.2.8.RELEASE.jar;E:\Java\maven\repository\org\springframework\spring-beans\5.2.8.RELEASE\spring-beans-5.2.8.RELEASE.jar;E:\Java\maven\repository\org\springframework\spring-webmvc\5.2.8.RELEASE\spring-webmvc-5.2.8.RELEASE.jar;E:\Java\maven\repository\org\springframework\spring-aop\5.2.8.RELEASE\spring-aop-5.2.8.RELEASE.jar;E:\Java\maven\repository\org\springframework\spring-context\5.2.8.RELEASE\spring-context-5.2.8.RELEASE.jar;E:\Java\maven\repository\org\springframework\spring-expression\5.2.8.RELEASE\spring-expression-5.2.8.RELEASE.jar;E:\Java\maven\repository\org\springframework\boot\spring-boot-devtools\2.3.3.RELEASE\spring-boot-devtools-2.3.3.RELEASE.jar;E:\Java\maven\repository\org\springframework\boot\spring-boot\2.3.3.RELEASE\spring-boot-2.3.3.RELEASE.jar;E:\Java\maven\repository\org\springframework\boot\spring-boot-autoconfigure\2.3.3.RELEASE\spring-boot-autoconfigure-2.3.3.RELEASE.jar;E:\Java\maven\repository\org\apache\shiro\shiro-spring\1.5.3\shiro-spring-1.5.3.jar;E:\Java\maven\repository\org\apache\shiro\shiro-core\1.5.3\shiro-core-1.5.3.jar;E:\Java\maven\repository\org\apache\shiro\shiro-lang\1.5.3\shiro-lang-1.5.3.jar;E:\Java\maven\repository\org\apache\shiro\shiro-cache\1.5.3\shiro-cache-1.5.3.jar;E:\Java\maven\repository\org\apache\shiro\shiro-crypto-hash\1.5.3\shiro-crypto-hash-1.5.3.jar;E:\Java\maven\repository\org\apache\shiro\shiro-crypto-core\1.5.3\shiro-crypto-core-1.5.3.jar;E:\Java\maven\repository\org\apache\shiro\shiro-crypto-cipher\1.5.3\shiro-crypto-cipher-1.5.3.jar;E:\Java\maven\repository\org\apache\shiro\shiro-config-core\1.5.3\shiro-config-core-1.5.3.jar;E:\Java\maven\repository\org\apache\shiro\shiro-config-ogdl\1.5.3\shiro-config-ogdl-1.5.3.jar;E:\Java\maven\repository\commons-beanutils\commons-beanutils\1.9.4\commons-beanutils-1.9.4.jar;E:\Java\maven\repository\org\apache\shiro\shiro-event\1.5.3\shiro-event-1.5.3.jar;E:\Java\maven\repository\org\apache\shiro\shiro-web\1.5.3\shiro-web-1.5.3.jar;E:\Java\maven\repository\org\owasp\encoder\encoder\1.2.2\encoder-1.2.2.jar;E:\Java\maven\repository\com\baomidou\mybatis-plus-boot-starter\3.3.2\mybatis-plus-boot-starter-3.3.2.jar;E:\Java\maven\repository\com\baomidou\mybatis-plus\3.3.2\mybatis-plus-3.3.2.jar;E:\Java\maven\repository\org\springframework\boot\spring-boot-starter-jdbc\2.3.3.RELEASE\spring-boot-starter-jdbc-2.3.3.RELEASE.jar;E:\Java\maven\repository\com\zaxxer\HikariCP\3.4.5\HikariCP-3.4.5.jar;E:\Java\maven\repository\org\springframework\spring-jdbc\5.2.8.RELEASE\spring-jdbc-5.2.8.RELEASE.jar;E:\Java\maven\repository\org\springframework\spring-tx\5.2.8.RELEASE\spring-tx-5.2.8.RELEASE.jar;E:\Java\maven\repository\com\baomidou\mybatis-plus-generator\3.3.2\mybatis-plus-generator-3.3.2.jar;E:\Java\maven\repository\com\baomidou\mybatis-plus-extension\3.3.2\mybatis-plus-extension-3.3.2.jar;E:\Java\maven\repository\com\baomidou\mybatis-plus-core\3.3.2\mybatis-plus-core-3.3.2.jar;E:\Java\maven\repository\com\baomidou\mybatis-plus-annotation\3.3.2\mybatis-plus-annotation-3.3.2.jar;E:\Java\maven\repository\com\github\jsqlparser\jsqlparser\3.1\jsqlparser-3.1.jar;E:\Java\maven\repository\org\mybatis\mybatis\3.5.4\mybatis-3.5.4.jar;E:\Java\maven\repository\org\mybatis\mybatis-spring\2.0.4\mybatis-spring-2.0.4.jar;E:\Java\maven\repository\org\apache\velocity\velocity\1.7\velocity-1.7.jar;E:\Java\maven\repository\commons-collections\commons-collections\3.2.1\commons-collections-3.2.1.jar;E:\Java\maven\repository\commons-lang\commons-lang\2.4\commons-lang-2.4.jar;E:\Java\maven\repository\io\springfox\springfox-boot-starter\3.0.0\springfox-boot-starter-3.0.0.jar;E:\Java\maven\repository\io\springfox\springfox-oas\3.0.0\springfox-oas-3.0.0.jar;E:\Java\maven\repository\io\swagger\core\v3\swagger-annotations\2.1.2\swagger-annotations-2.1.2.jar;E:\Java\maven\repository\io\swagger\core\v3\swagger-models\2.1.2\swagger-models-2.1.2.jar;E:\Java\maven\repository\io\springfox\springfox-spi\3.0.0\springfox-spi-3.0.0.jar;E:\Java\maven\repository\io\springfox\springfox-schema\3.0.0\springfox-schema-3.0.0.jar;E:\Java\maven\repository\io\springfox\springfox-core\3.0.0\springfox-core-3.0.0.jar;E:\Java\maven\repository\io\springfox\springfox-spring-web\3.0.0\springfox-spring-web-3.0.0.jar;E:\Java\maven\repository\io\github\classgraph\classgraph\4.8.83\classgraph-4.8.83.jar;E:\Java\maven\repository\io\springfox\springfox-spring-webmvc\3.0.0\springfox-spring-webmvc-3.0.0.jar;E:\Java\maven\repository\io\springfox\springfox-spring-webflux\3.0.0\springfox-spring-webflux-3.0.0.jar;E:\Java\maven\repository\io\springfox\springfox-swagger-common\3.0.0\springfox-swagger-common-3.0.0.jar;E:\Java\maven\repository\org\mapstruct\mapstruct\1.3.1.Final\mapstruct-1.3.1.Final.jar;E:\Java\maven\repository\io\springfox\springfox-data-rest\3.0.0\springfox-data-rest-3.0.0.jar;E:\Java\maven\repository\io\springfox\springfox-bean-validators\3.0.0\springfox-bean-validators-3.0.0.jar;E:\Java\maven\repository\io\springfox\springfox-swagger2\3.0.0\springfox-swagger2-3.0.0.jar;E:\Java\maven\repository\io\swagger\swagger-annotations\1.5.20\swagger-annotations-1.5.20.jar;E:\Java\maven\repository\io\swagger\swagger-models\1.5.20\swagger-models-1.5.20.jar;E:\Java\maven\repository\io\springfox\springfox-swagger-ui\3.0.0\springfox-swagger-ui-3.0.0.jar;E:\Java\maven\repository\com\fasterxml\classmate\1.5.1\classmate-1.5.1.jar;E:\Java\maven\repository\org\slf4j\slf4j-api\1.7.30\slf4j-api-1.7.30.jar;E:\Java\maven\repository\org\springframework\plugin\spring-plugin-core\2.0.0.RELEASE\spring-plugin-core-2.0.0.RELEASE.jar;E:\Java\maven\repository\org\springframework\plugin\spring-plugin-metadata\2.0.0.RELEASE\spring-plugin-metadata-2.0.0.RELEASE.jar;E:\Java\maven\repository\com\alibaba\fastjson\1.2.73\fastjson-1.2.73.jar;E:\Java\maven\repository\org\web3j\core\3.4.0\core-3.4.0.jar;E:\Java\maven\repository\org\web3j\abi\3.4.0\abi-3.4.0.jar;E:\Java\maven\repository\org\web3j\utils\3.4.0\utils-3.4.0.jar;E:\Java\maven\repository\org\bouncycastle\bcprov-jdk15on\1.54\bcprov-jdk15on-1.54.jar;E:\Java\maven\repository\org\web3j\crypto\3.4.0\crypto-3.4.0.jar;E:\Java\maven\repository\org\web3j\rlp\3.4.0\rlp-3.4.0.jar;E:\Java\maven\repository\org\web3j\tuples\3.4.0\tuples-3.4.0.jar;E:\Java\maven\repository\com\github\jnr\jnr-unixsocket\0.15\jnr-unixsocket-0.15.jar;E:\Java\maven\repository\com\github\jnr\jnr-ffi\2.1.2\jnr-ffi-2.1.2.jar;E:\Java\maven\repository\com\github\jnr\jffi\1.2.14\jffi-1.2.14.jar;E:\Java\maven\repository\com\github\jnr\jffi\1.2.14\jffi-1.2.14-native.jar;E:\Java\maven\repository\org\ow2\asm\asm\5.0.3\asm-5.0.3.jar;E:\Java\maven\repository\org\ow2\asm\asm-commons\5.0.3\asm-commons-5.0.3.jar;E:\Java\maven\repository\org\ow2\asm\asm-analysis\5.0.3\asm-analysis-5.0.3.jar;E:\Java\maven\repository\org\ow2\asm\asm-tree\5.0.3\asm-tree-5.0.3.jar;E:\Java\maven\repository\org\ow2\asm\asm-util\5.0.3\asm-util-5.0.3.jar;E:\Java\maven\repository\com\github\jnr\jnr-x86asm\1.0.2\jnr-x86asm-1.0.2.jar;E:\Java\maven\repository\com\github\jnr\jnr-constants\0.9.6\jnr-constants-0.9.6.jar;E:\Java\maven\repository\com\github\jnr\jnr-enxio\0.14\jnr-enxio-0.14.jar;E:\Java\maven\repository\com\github\jnr\jnr-posix\3.0.33\jnr-posix-3.0.33.jar;E:\Java\maven\repository\com\squareup\okhttp3\okhttp\3.14.9\okhttp-3.14.9.jar;E:\Java\maven\repository\com\squareup\okio\okio\1.17.2\okio-1.17.2.jar;E:\Java\maven\repository\com\squareup\okhttp3\logging-interceptor\3.14.9\logging-interceptor-3.14.9.jar;E:\Java\maven\repository\io\reactivex\rxjava\1.3.8\rxjava-1.3.8.jar;E:\Java\maven\repository\com\google\zxing\core\3.4.1\core-3.4.1.jar;E:\Java\maven\repository\net\glxn\qrgen\1.4\qrgen-1.4.jar;E:\Java\maven\repository\com\google\zxing\javase\3.0.0\javase-3.0.0.jar;E:\Java\maven\repository\com\belerweb\pinyin4j\2.5.1\pinyin4j-2.5.1.jar;E:\Java\maven\repository\mysql\mysql-connector-java\8.0.21\mysql-connector-java-8.0.21.jar;E:\Java\maven\repository\org\projectlombok\lombok\1.18.12\lombok-1.18.12.jar;E:\Java\maven\repository\org\springframework\boot\spring-boot-starter-test\2.3.3.RELEASE\spring-boot-starter-test-2.3.3.RELEASE.jar;E:\Java\maven\repository\org\springframework\boot\spring-boot-test\2.3.3.RELEASE\spring-boot-test-2.3.3.RELEASE.jar;E:\Java\maven\repository\org\springframework\boot\spring-boot-test-autoconfigure\2.3.3.RELEASE\spring-boot-test-autoconfigure-2.3.3.RELEASE.jar;E:\Java\maven\repository\com\jayway\jsonpath\json-path\2.4.0\json-path-2.4.0.jar;E:\Java\maven\repository\net\minidev\json-smart\2.3\json-smart-2.3.jar;E:\Java\maven\repository\net\minidev\accessors-smart\1.2\accessors-smart-1.2.jar;E:\Java\maven\repository\jakarta\xml\bind\jakarta.xml.bind-api\2.3.3\jakarta.xml.bind-api-2.3.3.jar;E:\Java\maven\repository\jakarta\activation\jakarta.activation-api\1.2.2\jakarta.activation-api-1.2.2.jar;E:\Java\maven\repository\org\hamcrest\hamcrest\2.2\hamcrest-2.2.jar;E:\Java\maven\repository\org\junit\jupiter\junit-jupiter\5.6.2\junit-jupiter-5.6.2.jar;E:\Java\maven\repository\org\junit\jupiter\junit-jupiter-api\5.6.2\junit-jupiter-api-5.6.2.jar;E:\Java\maven\repository\org\apiguardian\apiguardian-api\1.1.0\apiguardian-api-1.1.0.jar;E:\Java\maven\repository\org\opentest4j\opentest4j\1.2.0\opentest4j-1.2.0.jar;E:\Java\maven\repository\org\junit\platform\junit-platform-commons\1.6.2\junit-platform-commons-1.6.2.jar;E:\Java\maven\repository\org\junit\jupiter\junit-jupiter-params\5.6.2\junit-jupiter-params-5.6.2.jar;E:\Java\maven\repository\org\junit\jupiter\junit-jupiter-engine\5.6.2\junit-jupiter-engine-5.6.2.jar;E:\Java\maven\repository\org\junit\platform\junit-platform-engine\1.6.2\junit-platform-engine-1.6.2.jar;E:\Java\maven\repository\org\mockito\mockito-core\3.3.3\mockito-core-3.3.3.jar;E:\Java\maven\repository\net\bytebuddy\byte-buddy\1.10.14\byte-buddy-1.10.14.jar;E:\Java\maven\repository\net\bytebuddy\byte-buddy-agent\1.10.14\byte-buddy-agent-1.10.14.jar;E:\Java\maven\repository\org\objenesis\objenesis\2.6\objenesis-2.6.jar;E:\Java\maven\repository\org\mockito\mockito-junit-jupiter\3.3.3\mockito-junit-jupiter-3.3.3.jar;E:\Java\maven\repository\org\skyscreamer\jsonassert\1.5.0\jsonassert-1.5.0.jar;E:\Java\maven\repository\com\vaadin\external\google\android-json\0.0.20131108.vaadin1\android-json-0.0.20131108.vaadin1.jar;E:\Java\maven\repository\org\springframework\spring-core\5.2.8.RELEASE\spring-core-5.2.8.RELEASE.jar;E:\Java\maven\repository\org\springframework\spring-jcl\5.2.8.RELEASE\spring-jcl-5.2.8.RELEASE.jar;E:\Java\maven\repository\org\springframework\spring-test\5.2.8.RELEASE\spring-test-5.2.8.RELEASE.jar;E:\Java\maven\repository\org\xmlunit\xmlunit-core\2.7.0\xmlunit-core-2.7.0.jar;E:\Java\maven\repository\javax\validation\validation-api\2.0.1.Final\validation-api-2.0.1.Final.jar;E:\Java\maven\repository\org\assertj\assertj-core\3.16.1\assertj-core-3.16.1.jar;"/>
    <property name="java.vm.vendor" value="Oracle Corporation"/>
    <property name="sun.arch.data.model" value="64"/>
    <property name="user.variant" value=""/>
    <property name="java.vendor.url" value="http://java.oracle.com/"/>
    <property name="user.timezone" value="Asia/Shanghai"/>
    <property name="java.vm.specification.version" value="1.8"/>
    <property name="os.name" value="Windows 10"/>
    <property name="user.country" value="CN"/>
    <property name="sun.java.launcher" value="SUN_STANDARD"/>
    <property name="sun.boot.library.path" value="E:\Java\JDK\jre\bin"/>
    <property name="sun.java.command" value="C:\Users\25287\AppData\Local\Temp\surefire302740024655121553\surefirebooter7147346525168329318.jar C:\Users\25287\AppData\Local\Temp\surefire302740024655121553 2023-05-05T16-50-41_202-jvmRun1 surefire1387966114398084578tmp surefire_01759721743235030692tmp"/>
    <property name="surefire.test.class.path" value="F:\others_项目\personal_info_manger_blockchain\server\target\test-classes;F:\others_项目\personal_info_manger_blockchain\server\target\classes;E:\Java\maven\repository\org\springframework\boot\spring-boot-starter-web\2.3.3.RELEASE\spring-boot-starter-web-2.3.3.RELEASE.jar;E:\Java\maven\repository\org\springframework\boot\spring-boot-starter\2.3.3.RELEASE\spring-boot-starter-2.3.3.RELEASE.jar;E:\Java\maven\repository\org\springframework\boot\spring-boot-starter-logging\2.3.3.RELEASE\spring-boot-starter-logging-2.3.3.RELEASE.jar;E:\Java\maven\repository\ch\qos\logback\logback-classic\1.2.3\logback-classic-1.2.3.jar;E:\Java\maven\repository\ch\qos\logback\logback-core\1.2.3\logback-core-1.2.3.jar;E:\Java\maven\repository\org\apache\logging\log4j\log4j-to-slf4j\2.13.3\log4j-to-slf4j-2.13.3.jar;E:\Java\maven\repository\org\apache\logging\log4j\log4j-api\2.13.3\log4j-api-2.13.3.jar;E:\Java\maven\repository\org\slf4j\jul-to-slf4j\1.7.30\jul-to-slf4j-1.7.30.jar;E:\Java\maven\repository\jakarta\annotation\jakarta.annotation-api\1.3.5\jakarta.annotation-api-1.3.5.jar;E:\Java\maven\repository\org\yaml\snakeyaml\1.26\snakeyaml-1.26.jar;E:\Java\maven\repository\org\springframework\boot\spring-boot-starter-json\2.3.3.RELEASE\spring-boot-starter-json-2.3.3.RELEASE.jar;E:\Java\maven\repository\com\fasterxml\jackson\core\jackson-databind\2.11.2\jackson-databind-2.11.2.jar;E:\Java\maven\repository\com\fasterxml\jackson\core\jackson-annotations\2.11.2\jackson-annotations-2.11.2.jar;E:\Java\maven\repository\com\fasterxml\jackson\core\jackson-core\2.11.2\jackson-core-2.11.2.jar;E:\Java\maven\repository\com\fasterxml\jackson\datatype\jackson-datatype-jdk8\2.11.2\jackson-datatype-jdk8-2.11.2.jar;E:\Java\maven\repository\com\fasterxml\jackson\datatype\jackson-datatype-jsr310\2.11.2\jackson-datatype-jsr310-2.11.2.jar;E:\Java\maven\repository\com\fasterxml\jackson\module\jackson-module-parameter-names\2.11.2\jackson-module-parameter-names-2.11.2.jar;E:\Java\maven\repository\org\springframework\boot\spring-boot-starter-tomcat\2.3.3.RELEASE\spring-boot-starter-tomcat-2.3.3.RELEASE.jar;E:\Java\maven\repository\org\apache\tomcat\embed\tomcat-embed-core\9.0.37\tomcat-embed-core-9.0.37.jar;E:\Java\maven\repository\org\glassfish\jakarta.el\3.0.3\jakarta.el-3.0.3.jar;E:\Java\maven\repository\org\apache\tomcat\embed\tomcat-embed-websocket\9.0.37\tomcat-embed-websocket-9.0.37.jar;E:\Java\maven\repository\org\springframework\spring-web\5.2.8.RELEASE\spring-web-5.2.8.RELEASE.jar;E:\Java\maven\repository\org\springframework\spring-beans\5.2.8.RELEASE\spring-beans-5.2.8.RELEASE.jar;E:\Java\maven\repository\org\springframework\spring-webmvc\5.2.8.RELEASE\spring-webmvc-5.2.8.RELEASE.jar;E:\Java\maven\repository\org\springframework\spring-aop\5.2.8.RELEASE\spring-aop-5.2.8.RELEASE.jar;E:\Java\maven\repository\org\springframework\spring-context\5.2.8.RELEASE\spring-context-5.2.8.RELEASE.jar;E:\Java\maven\repository\org\springframework\spring-expression\5.2.8.RELEASE\spring-expression-5.2.8.RELEASE.jar;E:\Java\maven\repository\org\springframework\boot\spring-boot-devtools\2.3.3.RELEASE\spring-boot-devtools-2.3.3.RELEASE.jar;E:\Java\maven\repository\org\springframework\boot\spring-boot\2.3.3.RELEASE\spring-boot-2.3.3.RELEASE.jar;E:\Java\maven\repository\org\springframework\boot\spring-boot-autoconfigure\2.3.3.RELEASE\spring-boot-autoconfigure-2.3.3.RELEASE.jar;E:\Java\maven\repository\org\apache\shiro\shiro-spring\1.5.3\shiro-spring-1.5.3.jar;E:\Java\maven\repository\org\apache\shiro\shiro-core\1.5.3\shiro-core-1.5.3.jar;E:\Java\maven\repository\org\apache\shiro\shiro-lang\1.5.3\shiro-lang-1.5.3.jar;E:\Java\maven\repository\org\apache\shiro\shiro-cache\1.5.3\shiro-cache-1.5.3.jar;E:\Java\maven\repository\org\apache\shiro\shiro-crypto-hash\1.5.3\shiro-crypto-hash-1.5.3.jar;E:\Java\maven\repository\org\apache\shiro\shiro-crypto-core\1.5.3\shiro-crypto-core-1.5.3.jar;E:\Java\maven\repository\org\apache\shiro\shiro-crypto-cipher\1.5.3\shiro-crypto-cipher-1.5.3.jar;E:\Java\maven\repository\org\apache\shiro\shiro-config-core\1.5.3\shiro-config-core-1.5.3.jar;E:\Java\maven\repository\org\apache\shiro\shiro-config-ogdl\1.5.3\shiro-config-ogdl-1.5.3.jar;E:\Java\maven\repository\commons-beanutils\commons-beanutils\1.9.4\commons-beanutils-1.9.4.jar;E:\Java\maven\repository\org\apache\shiro\shiro-event\1.5.3\shiro-event-1.5.3.jar;E:\Java\maven\repository\org\apache\shiro\shiro-web\1.5.3\shiro-web-1.5.3.jar;E:\Java\maven\repository\org\owasp\encoder\encoder\1.2.2\encoder-1.2.2.jar;E:\Java\maven\repository\com\baomidou\mybatis-plus-boot-starter\3.3.2\mybatis-plus-boot-starter-3.3.2.jar;E:\Java\maven\repository\com\baomidou\mybatis-plus\3.3.2\mybatis-plus-3.3.2.jar;E:\Java\maven\repository\org\springframework\boot\spring-boot-starter-jdbc\2.3.3.RELEASE\spring-boot-starter-jdbc-2.3.3.RELEASE.jar;E:\Java\maven\repository\com\zaxxer\HikariCP\3.4.5\HikariCP-3.4.5.jar;E:\Java\maven\repository\org\springframework\spring-jdbc\5.2.8.RELEASE\spring-jdbc-5.2.8.RELEASE.jar;E:\Java\maven\repository\org\springframework\spring-tx\5.2.8.RELEASE\spring-tx-5.2.8.RELEASE.jar;E:\Java\maven\repository\com\baomidou\mybatis-plus-generator\3.3.2\mybatis-plus-generator-3.3.2.jar;E:\Java\maven\repository\com\baomidou\mybatis-plus-extension\3.3.2\mybatis-plus-extension-3.3.2.jar;E:\Java\maven\repository\com\baomidou\mybatis-plus-core\3.3.2\mybatis-plus-core-3.3.2.jar;E:\Java\maven\repository\com\baomidou\mybatis-plus-annotation\3.3.2\mybatis-plus-annotation-3.3.2.jar;E:\Java\maven\repository\com\github\jsqlparser\jsqlparser\3.1\jsqlparser-3.1.jar;E:\Java\maven\repository\org\mybatis\mybatis\3.5.4\mybatis-3.5.4.jar;E:\Java\maven\repository\org\mybatis\mybatis-spring\2.0.4\mybatis-spring-2.0.4.jar;E:\Java\maven\repository\org\apache\velocity\velocity\1.7\velocity-1.7.jar;E:\Java\maven\repository\commons-collections\commons-collections\3.2.1\commons-collections-3.2.1.jar;E:\Java\maven\repository\commons-lang\commons-lang\2.4\commons-lang-2.4.jar;E:\Java\maven\repository\io\springfox\springfox-boot-starter\3.0.0\springfox-boot-starter-3.0.0.jar;E:\Java\maven\repository\io\springfox\springfox-oas\3.0.0\springfox-oas-3.0.0.jar;E:\Java\maven\repository\io\swagger\core\v3\swagger-annotations\2.1.2\swagger-annotations-2.1.2.jar;E:\Java\maven\repository\io\swagger\core\v3\swagger-models\2.1.2\swagger-models-2.1.2.jar;E:\Java\maven\repository\io\springfox\springfox-spi\3.0.0\springfox-spi-3.0.0.jar;E:\Java\maven\repository\io\springfox\springfox-schema\3.0.0\springfox-schema-3.0.0.jar;E:\Java\maven\repository\io\springfox\springfox-core\3.0.0\springfox-core-3.0.0.jar;E:\Java\maven\repository\io\springfox\springfox-spring-web\3.0.0\springfox-spring-web-3.0.0.jar;E:\Java\maven\repository\io\github\classgraph\classgraph\4.8.83\classgraph-4.8.83.jar;E:\Java\maven\repository\io\springfox\springfox-spring-webmvc\3.0.0\springfox-spring-webmvc-3.0.0.jar;E:\Java\maven\repository\io\springfox\springfox-spring-webflux\3.0.0\springfox-spring-webflux-3.0.0.jar;E:\Java\maven\repository\io\springfox\springfox-swagger-common\3.0.0\springfox-swagger-common-3.0.0.jar;E:\Java\maven\repository\org\mapstruct\mapstruct\1.3.1.Final\mapstruct-1.3.1.Final.jar;E:\Java\maven\repository\io\springfox\springfox-data-rest\3.0.0\springfox-data-rest-3.0.0.jar;E:\Java\maven\repository\io\springfox\springfox-bean-validators\3.0.0\springfox-bean-validators-3.0.0.jar;E:\Java\maven\repository\io\springfox\springfox-swagger2\3.0.0\springfox-swagger2-3.0.0.jar;E:\Java\maven\repository\io\swagger\swagger-annotations\1.5.20\swagger-annotations-1.5.20.jar;E:\Java\maven\repository\io\swagger\swagger-models\1.5.20\swagger-models-1.5.20.jar;E:\Java\maven\repository\io\springfox\springfox-swagger-ui\3.0.0\springfox-swagger-ui-3.0.0.jar;E:\Java\maven\repository\com\fasterxml\classmate\1.5.1\classmate-1.5.1.jar;E:\Java\maven\repository\org\slf4j\slf4j-api\1.7.30\slf4j-api-1.7.30.jar;E:\Java\maven\repository\org\springframework\plugin\spring-plugin-core\2.0.0.RELEASE\spring-plugin-core-2.0.0.RELEASE.jar;E:\Java\maven\repository\org\springframework\plugin\spring-plugin-metadata\2.0.0.RELEASE\spring-plugin-metadata-2.0.0.RELEASE.jar;E:\Java\maven\repository\com\alibaba\fastjson\1.2.73\fastjson-1.2.73.jar;E:\Java\maven\repository\org\web3j\core\3.4.0\core-3.4.0.jar;E:\Java\maven\repository\org\web3j\abi\3.4.0\abi-3.4.0.jar;E:\Java\maven\repository\org\web3j\utils\3.4.0\utils-3.4.0.jar;E:\Java\maven\repository\org\bouncycastle\bcprov-jdk15on\1.54\bcprov-jdk15on-1.54.jar;E:\Java\maven\repository\org\web3j\crypto\3.4.0\crypto-3.4.0.jar;E:\Java\maven\repository\org\web3j\rlp\3.4.0\rlp-3.4.0.jar;E:\Java\maven\repository\org\web3j\tuples\3.4.0\tuples-3.4.0.jar;E:\Java\maven\repository\com\github\jnr\jnr-unixsocket\0.15\jnr-unixsocket-0.15.jar;E:\Java\maven\repository\com\github\jnr\jnr-ffi\2.1.2\jnr-ffi-2.1.2.jar;E:\Java\maven\repository\com\github\jnr\jffi\1.2.14\jffi-1.2.14.jar;E:\Java\maven\repository\com\github\jnr\jffi\1.2.14\jffi-1.2.14-native.jar;E:\Java\maven\repository\org\ow2\asm\asm\5.0.3\asm-5.0.3.jar;E:\Java\maven\repository\org\ow2\asm\asm-commons\5.0.3\asm-commons-5.0.3.jar;E:\Java\maven\repository\org\ow2\asm\asm-analysis\5.0.3\asm-analysis-5.0.3.jar;E:\Java\maven\repository\org\ow2\asm\asm-tree\5.0.3\asm-tree-5.0.3.jar;E:\Java\maven\repository\org\ow2\asm\asm-util\5.0.3\asm-util-5.0.3.jar;E:\Java\maven\repository\com\github\jnr\jnr-x86asm\1.0.2\jnr-x86asm-1.0.2.jar;E:\Java\maven\repository\com\github\jnr\jnr-constants\0.9.6\jnr-constants-0.9.6.jar;E:\Java\maven\repository\com\github\jnr\jnr-enxio\0.14\jnr-enxio-0.14.jar;E:\Java\maven\repository\com\github\jnr\jnr-posix\3.0.33\jnr-posix-3.0.33.jar;E:\Java\maven\repository\com\squareup\okhttp3\okhttp\3.14.9\okhttp-3.14.9.jar;E:\Java\maven\repository\com\squareup\okio\okio\1.17.2\okio-1.17.2.jar;E:\Java\maven\repository\com\squareup\okhttp3\logging-interceptor\3.14.9\logging-interceptor-3.14.9.jar;E:\Java\maven\repository\io\reactivex\rxjava\1.3.8\rxjava-1.3.8.jar;E:\Java\maven\repository\com\google\zxing\core\3.4.1\core-3.4.1.jar;E:\Java\maven\repository\net\glxn\qrgen\1.4\qrgen-1.4.jar;E:\Java\maven\repository\com\google\zxing\javase\3.0.0\javase-3.0.0.jar;E:\Java\maven\repository\com\belerweb\pinyin4j\2.5.1\pinyin4j-2.5.1.jar;E:\Java\maven\repository\mysql\mysql-connector-java\8.0.21\mysql-connector-java-8.0.21.jar;E:\Java\maven\repository\org\projectlombok\lombok\1.18.12\lombok-1.18.12.jar;E:\Java\maven\repository\org\springframework\boot\spring-boot-starter-test\2.3.3.RELEASE\spring-boot-starter-test-2.3.3.RELEASE.jar;E:\Java\maven\repository\org\springframework\boot\spring-boot-test\2.3.3.RELEASE\spring-boot-test-2.3.3.RELEASE.jar;E:\Java\maven\repository\org\springframework\boot\spring-boot-test-autoconfigure\2.3.3.RELEASE\spring-boot-test-autoconfigure-2.3.3.RELEASE.jar;E:\Java\maven\repository\com\jayway\jsonpath\json-path\2.4.0\json-path-2.4.0.jar;E:\Java\maven\repository\net\minidev\json-smart\2.3\json-smart-2.3.jar;E:\Java\maven\repository\net\minidev\accessors-smart\1.2\accessors-smart-1.2.jar;E:\Java\maven\repository\jakarta\xml\bind\jakarta.xml.bind-api\2.3.3\jakarta.xml.bind-api-2.3.3.jar;E:\Java\maven\repository\jakarta\activation\jakarta.activation-api\1.2.2\jakarta.activation-api-1.2.2.jar;E:\Java\maven\repository\org\hamcrest\hamcrest\2.2\hamcrest-2.2.jar;E:\Java\maven\repository\org\junit\jupiter\junit-jupiter\5.6.2\junit-jupiter-5.6.2.jar;E:\Java\maven\repository\org\junit\jupiter\junit-jupiter-api\5.6.2\junit-jupiter-api-5.6.2.jar;E:\Java\maven\repository\org\apiguardian\apiguardian-api\1.1.0\apiguardian-api-1.1.0.jar;E:\Java\maven\repository\org\opentest4j\opentest4j\1.2.0\opentest4j-1.2.0.jar;E:\Java\maven\repository\org\junit\platform\junit-platform-commons\1.6.2\junit-platform-commons-1.6.2.jar;E:\Java\maven\repository\org\junit\jupiter\junit-jupiter-params\5.6.2\junit-jupiter-params-5.6.2.jar;E:\Java\maven\repository\org\junit\jupiter\junit-jupiter-engine\5.6.2\junit-jupiter-engine-5.6.2.jar;E:\Java\maven\repository\org\junit\platform\junit-platform-engine\1.6.2\junit-platform-engine-1.6.2.jar;E:\Java\maven\repository\org\mockito\mockito-core\3.3.3\mockito-core-3.3.3.jar;E:\Java\maven\repository\net\bytebuddy\byte-buddy\1.10.14\byte-buddy-1.10.14.jar;E:\Java\maven\repository\net\bytebuddy\byte-buddy-agent\1.10.14\byte-buddy-agent-1.10.14.jar;E:\Java\maven\repository\org\objenesis\objenesis\2.6\objenesis-2.6.jar;E:\Java\maven\repository\org\mockito\mockito-junit-jupiter\3.3.3\mockito-junit-jupiter-3.3.3.jar;E:\Java\maven\repository\org\skyscreamer\jsonassert\1.5.0\jsonassert-1.5.0.jar;E:\Java\maven\repository\com\vaadin\external\google\android-json\0.0.20131108.vaadin1\android-json-0.0.20131108.vaadin1.jar;E:\Java\maven\repository\org\springframework\spring-core\5.2.8.RELEASE\spring-core-5.2.8.RELEASE.jar;E:\Java\maven\repository\org\springframework\spring-jcl\5.2.8.RELEASE\spring-jcl-5.2.8.RELEASE.jar;E:\Java\maven\repository\org\springframework\spring-test\5.2.8.RELEASE\spring-test-5.2.8.RELEASE.jar;E:\Java\maven\repository\org\xmlunit\xmlunit-core\2.7.0\xmlunit-core-2.7.0.jar;E:\Java\maven\repository\javax\validation\validation-api\2.0.1.Final\validation-api-2.0.1.Final.jar;E:\Java\maven\repository\org\assertj\assertj-core\3.16.1\assertj-core-3.16.1.jar;"/>
    <property name="sun.cpu.endian" value="little"/>
    <property name="user.home" value="C:\Users\25287"/>
    <property name="user.language" value="zh"/>
    <property name="java.specification.vendor" value="Oracle Corporation"/>
    <property name="java.home" value="E:\Java\JDK\jre"/>
    <property name="basedir" value="F:\others_项目\personal_info_manger_blockchain\server"/>
    <property name="file.separator" value="\"/>
    <property name="line.separator" value="&#10;"/>
    <property name="java.vm.specification.vendor" value="Oracle Corporation"/>
    <property name="java.specification.name" value="Java Platform API Specification"/>
    <property name="java.awt.graphicsenv" value="sun.awt.Win32GraphicsEnvironment"/>
    <property name="surefire.real.class.path" value="C:\Users\25287\AppData\Local\Temp\surefire302740024655121553\surefirebooter7147346525168329318.jar"/>
    <property name="sun.boot.class.path" value="E:\Java\JDK\jre\lib\resources.jar;E:\Java\JDK\jre\lib\rt.jar;E:\Java\JDK\jre\lib\sunrsasign.jar;E:\Java\JDK\jre\lib\jsse.jar;E:\Java\JDK\jre\lib\jce.jar;E:\Java\JDK\jre\lib\charsets.jar;E:\Java\JDK\jre\lib\jfr.jar;E:\Java\JDK\jre\classes"/>
    <property name="user.script" value=""/>
    <property name="sun.management.compiler" value="HotSpot 64-Bit Tiered Compilers"/>
    <property name="java.runtime.version" value="1.8.0_202-b08"/>
    <property name="user.name" value="25287"/>
    <property name="path.separator" value=";"/>
    <property name="os.version" value="10.0"/>
    <property name="java.endorsed.dirs" value="E:\Java\JDK\jre\lib\endorsed"/>
    <property name="java.runtime.name" value="Java(TM) SE Runtime Environment"/>
    <property name="file.encoding" value="GBK"/>
    <property name="java.vm.name" value="Java HotSpot(TM) 64-Bit Server VM"/>
    <property name="localRepository" value="E:\Java\maven\repository"/>
    <property name="java.vendor.url.bug" value="http://bugreport.sun.com/bugreport/"/>
    <property name="java.io.tmpdir" value="C:\Users\25287\AppData\Local\Temp\"/>
    <property name="idea.version" value="2021.2.4"/>
    <property name="java.version" value="1.8.0_202"/>
    <property name="user.dir" value="F:\others_项目\personal_info_manger_blockchain\server"/>
    <property name="os.arch" value="amd64"/>
    <property name="java.vm.specification.name" value="Java Virtual Machine Specification"/>
    <property name="java.awt.printerjob" value="sun.awt.windows.WPrinterJob"/>
    <property name="sun.os.patch.level" value=""/>
    <property name="java.library.path" value="E:\Java\JDK\jre\bin;C:\WINDOWS\Sun\Java\bin;C:\WINDOWS\system32;C:\WINDOWS;C:\WINDOWS\system32;C:\WINDOWS;C:\WINDOWS\System32\Wbem;C:\WINDOWS\System32\WindowsPowerShell\v1.0\;C:\WINDOWS\System32\OpenSSH\;F:\APP\xshell\;F:\APP\xftp\;C:\Program Files\mingw-w64\x86_64-8.1.0-posix-seh-rt_v6-rev0\mingw64\bin;C:\Program Files\Git\cmd;E:\Java\maven\apache-maven-3.6.3\bin;F:\APP\nvm;C:\Program Files\nodejs;C:\Program Files (x86)\ZeroTier\One\;C:\Program Files\dotnet\;F:\APP\Tools\WinNT;F:\APP\MSDev98\Bin;F:\APP\Tools;F:\Microsoft Visual Studio\VC98\bin;%USERPROFILE%\AppData\Local\Microsoft\WindowsApps;%IntelliJ IDEA%;F:\APP\Microsoft VS Code\bin;E:\Java\JDK\bin;C:\Program Files\mingw-w64\x86_64-8.1.0-posix-seh-rt_v6-rev0\mingw64\bin;C:\Users\25287\AppData\Roaming\npm;%WebStorm%;%NVM_HOME%;%NVM_SYMLINK%;."/>
    <property name="java.vm.info" value="mixed mode"/>
    <property name="java.vendor" value="Oracle Corporation"/>
    <property name="java.vm.version" value="25.202-b08"/>
    <property name="java.ext.dirs" value="E:\Java\JDK\jre\lib\ext;C:\WINDOWS\Sun\Java\lib\ext"/>
    <property name="sun.io.unicode.encoding" value="UnicodeLittle"/>
    <property name="maven.repo.local" value="E:\Java\maven\repository"/>
    <property name="java.class.version" value="52.0"/>
  </properties>
  <testcase name="contextLoads" classname="com.block.AgriculturalProductsBlockchainApplicationTests" time="0.443"/>
</testsuite>